[09/18/17 19:39:12] Starting the GTA:Orange Server 0.0.1 (e1e5cc3b) - Sep  1 2017 16:09:24
[09/18/17 19:39:12] Hostname: {ff8f00}Mono Module{ffffff} Development Server
[09/18/17 19:39:12] Port: 7788
[09/18/17 19:39:12] Maximum players: 30
[09/18/17 19:39:12] [Master-Server] Connecting...
[09/18/17 19:39:13] Lua module loaded
[09/18/17 19:39:13] [SharpOrange] Module successfully initialized
[09/18/17 19:39:13] [LUA] Starting resource client-script-loader
[09/18/17 19:39:13] SHARP FREEROAM STARTED
[09/18/17 19:39:13] Initializing database connection
[09/18/17 19:39:13] Event 'register-client-script' was triggered with args:
[09/18/17 19:39:13] [SharpOrange] Loaded resource 'SharpFreeroam'
[09/18/17 19:39:13] SELF MANAGED FREEROAM STARTED
[09/18/17 19:39:13] [SharpOrange] Loaded resource 'SharpFreeroamSM'
[09/18/17 19:39:13] [LUA] Starting resource chat
[09/18/17 19:39:13] [LUA] Starting resource SharpLua
[09/18/17 19:39:13] Event 'TestEvent' was triggered with args:
[09/18/17 19:39:13] Server started
[09/18/17 19:39:15] [Master-Server] Connected!
[09/18/17 19:40:06] Incoming connection from 127.0.0.1|61670
[09/18/17 19:40:07] PLAYER Hazard CONNECTED
[09/18/17 19:40:07] NEW POSITION SET TO 1000, 20, 81
[09/18/17 19:40:07] PLAYER POS: 1000, 20, 81
[09/18/17 19:40:07] PLAYER POS: 1000, 20, 81
[09/18/17 19:40:07] PLAYER POS: 1000, 20, 81
[09/18/17 19:40:07] PLAYER POS: 1000, 20, 81
[09/18/17 19:40:07] PLAYER POS: 1000, 20, 81
[09/18/17 19:40:07] PLAYER POS: 1000, 20, 81
[09/18/17 19:40:07] PLAYER POS: 1000, 20, 81
[09/18/17 19:40:07] PLAYER POS: 1000, 20, 81
[09/18/17 19:40:07] PLAYER POS: 1000, 20, 81
[09/18/17 19:40:07] PLAYER POS: 1000, 20, 81
[09/18/17 19:40:07] VEHICLE SUPPOSED TO BE CREATED AT 1000, 20, 81
[09/18/17 19:40:07] VEHICLE POSITION: 1000, 25, 81
[09/18/17 19:40:07] Event 'CustomEvent' was triggered with args:
[09/18/17 19:40:17] PLAYER ENTERED VEHICLE
[09/18/17 19:40:17] IS PLAYER IN VEHICLE? - True
[09/18/17 19:40:17] VEHICLE COLORS:
[0] R135, G180, B97
[09/18/17 19:40:17] SETTING VEHICLE COLORS
[09/18/17 19:40:17] SETTING LICENSE PLATE
[09/18/17 19:40:21] PLAYER EXIT VEHICLE
[09/18/17 19:40:21] IS PLAYER IN VEHICLE? - False
[09/18/17 19:40:23] PLAYER ENTERED VEHICLE
[09/18/17 19:40:23] IS PLAYER IN VEHICLE? - True
[09/18/17 19:40:23] VEHICLE COLORS:
[0] R0, G0, B0
[09/18/17 19:40:23] SETTING VEHICLE COLORS
[09/18/17 19:40:23] SETTING LICENSE PLATE
[09/18/17 19:40:23] PLAYER EXIT VEHICLE
[09/18/17 19:40:23] IS PLAYER IN VEHICLE? - False
[09/18/17 19:40:24] PLAYER ENTERED VEHICLE
[09/18/17 19:40:24] IS PLAYER IN VEHICLE? - True
[09/18/17 19:40:24] VEHICLE COLORS:
[0] R0, G0, B0
[09/18/17 19:40:24] SETTING VEHICLE COLORS
[09/18/17 19:40:24] SETTING LICENSE PLATE
[09/18/17 19:40:25] PLAYER EXIT VEHICLE
[09/18/17 19:40:25] IS PLAYER IN VEHICLE? - False
[09/18/17 19:40:26] PLAYER ENTERED VEHICLE
[09/18/17 19:40:26] IS PLAYER IN VEHICLE? - True
[09/18/17 19:40:26] VEHICLE COLORS:
[0] R0, G0, B0
[09/18/17 19:40:26] SETTING VEHICLE COLORS
[09/18/17 19:40:26] SETTING LICENSE PLATE
[09/18/17 19:40:26] PLAYER EXIT VEHICLE
[09/18/17 19:40:26] IS PLAYER IN VEHICLE? - False
[09/18/17 19:40:52] Hazard SUICIDED USING StickyBomb
[09/18/17 19:40:52] Hazard WAS KILLED IN POS 1010.62, 31.60998, 85.07668
[09/18/17 19:40:59] Hazard DIED AT 1010.62, 31.60998, 85.07668
[09/18/17 19:41:07] Hazard DIED AT 1010.62, 31.60998, 85.07668
[09/18/17 19:41:15] Hazard DIED AT 1010.62, 31.60998, 85.07668
[09/18/17 19:41:23] Hazard DIED AT 1010.62, 31.60998, 85.07668
[09/18/17 19:42:07] Hazard SUICIDED USING -1553120962
[09/18/17 19:42:07] Hazard WAS KILLED IN POS 1012.145, 31.27693, 82.79398
[09/18/17 19:42:14] Hazard DIED AT 1012.145, 31.27693, 82.79398
[09/18/17 19:42:23] Hazard DIED AT 1012.145, 31.27693, 82.79398
[09/18/17 19:42:27] PLAYER ENTERED VEHICLE
[09/18/17 19:42:27] IS PLAYER IN VEHICLE? - True
[09/18/17 19:42:27] VEHICLE COLORS:
[0] R16, G60, B66
[09/18/17 19:42:27] SETTING VEHICLE COLORS
[09/18/17 19:42:27] SETTING LICENSE PLATE
[09/18/17 19:42:28] PLAYER EXIT VEHICLE
[09/18/17 19:42:28] IS PLAYER IN VEHICLE? - False
[09/18/17 19:42:30] PLAYER ENTERED VEHICLE
[09/18/17 19:42:30] IS PLAYER IN VEHICLE? - True
[09/18/17 19:42:30] VEHICLE COLORS:
[0] R32, G221, B71
[09/18/17 19:42:30] SETTING VEHICLE COLORS
[09/18/17 19:42:30] SETTING LICENSE PLATE
[09/18/17 19:42:31] PLAYER EXIT VEHICLE
[09/18/17 19:42:31] IS PLAYER IN VEHICLE? - False
[09/18/17 19:42:31] PLAYER ENTERED VEHICLE
[09/18/17 19:42:31] IS PLAYER IN VEHICLE? - True
[09/18/17 19:42:31] VEHICLE COLORS:
[0] R0, G0, B0
[09/18/17 19:42:31] SETTING VEHICLE COLORS
[09/18/17 19:42:31] SETTING LICENSE PLATE
[09/18/17 19:42:32] PLAYER EXIT VEHICLE
[09/18/17 19:42:32] IS PLAYER IN VEHICLE? - False
[09/18/17 19:42:42] PLAYER ENTERED VEHICLE
[09/18/17 19:42:42] IS PLAYER IN VEHICLE? - True
[09/18/17 19:42:42] VEHICLE COLORS:
[0] R0, G0, B0
[09/18/17 19:42:42] SETTING VEHICLE COLORS
[09/18/17 19:42:42] SETTING LICENSE PLATE
[09/18/17 19:49:44] Hazard SUICIDED USING 1945616459
[09/18/17 19:49:44] Hazard WAS KILLED IN POS 1002.067, 14.40414, 81.83352
[09/18/17 19:49:51] [09/18/17 19:49:51] PLAYER EXIT VEHICLE
[09/18/17 19:49:51] Hazard DIED AT 1002.067, 14.40414, 81.83352
IS PLAYER IN VEHICLE? - False
[09/18/17 19:51:09] PLAYER ENTERED VEHICLE
[09/18/17 19:51:09] IS PLAYER IN VEHICLE? - True
[09/18/17 19:51:09] VEHICLE COLORS:
[0] R0, G0, B0
[09/18/17 19:51:09] SETTING VEHICLE COLORS
[09/18/17 19:51:09] SETTING LICENSE PLATE
[09/18/17 19:51:17] Hazard SUICIDED USING 1945616459
[09/18/17 19:51:17] Hazard WAS KILLED IN POS 993.1669, 6.362318, 82.0013
[09/18/17 19:51:24] [09/18/17 19:51:24] PLAYER EXIT VEHICLE
[09/18/17 19:51:24] Hazard DIED AT 993.1669, 6.362318, 82.0013IS PLAYER IN VEHICLE? - False

[09/18/17 19:51:28] PLAYER ENTERED VEHICLE
[09/18/17 19:51:28] IS PLAYER IN VEHICLE? - True
[09/18/17 19:51:28] VEHICLE COLORS:
[0] R0, G0, B0
[09/18/17 19:51:28] SETTING VEHICLE COLORS
[09/18/17 19:51:28] SETTING LICENSE PLATE
[09/18/17 19:51:49] Hazard SUICIDED USING 1945616459
[09/18/17 19:51:49] Hazard WAS KILLED IN POS 993.5474, 6.349743, 81.98637
[09/18/17 19:51:56] [09/18/17 19:51:56] PLAYER EXIT VEHICLEHazard DIED AT 993.5474, 6.349743, 81.98637

[09/18/17 19:51:56] IS PLAYER IN VEHICLE? - False
[09/18/17 19:52:22] Hazard SUICIDED USING -1553120962
[09/18/17 19:52:22] Hazard WAS KILLED IN POS 1010.599, 32.31277, 82.79539
[09/18/17 19:52:29] Hazard DIED AT 1010.599, 32.31277, 82.79539
[09/18/17 19:53:12] Hazard DIED AT 1010.599, 32.31277, 82.79539
[09/18/17 19:53:26] Player disconnected 127.0.0.1|61670
[09/18/17 19:53:26] PLAYER WITH ID '0' DISCONNECTED (REASON: USER LEFT | CODE: Leave)
[09/18/17 19:53:26] ATTEMPTING TO SHUT DOWN THE SERVER
[09/18/17 19:53:26] [Mono] ERROR - Shutting down the server programmatically is not implemented yet.
[09/18/17 19:53:26] [SharpOrange] Resource "SharpFreeroam" is already loaded!
